<?xml version="1.0" encoding="UTF-8"?>
<testng-results ignored="0" total="3" passed="3" failed="0" skipped="0">
  <reporter-output>
    <line>
      <![CDATA[Created]]>
    </line>
    <line>
      <![CDATA[Updated]]>
    </line>
    <line>
      <![CDATA[Deleted]]>
    </line>
  </reporter-output>
  <suite started-at="2026-09-03T11:15:16 IST" name="Default suite" finished-at="2026-09-03T11:15:16 IST" duration-ms="149">
    <groups>
    </groups>
    <test started-at="2026-09-03T11:15:16 IST" name="Default test" finished-at="2026-09-03T11:15:16 IST" duration-ms="149">
      <class name="testNG.AccountCreationTest">
        <test-method signature="createAccount()[pri:1, instance:testNG.AccountCreationTest@313ac989]" started-at="2026-09-03T11:15:16 IST" name="createAccount" finished-at="2026-09-03T11:15:16 IST" duration-ms="24" status="PASS">
          <reporter-output>
            <line>
              <![CDATA[Created]]>
            </line>
          </reporter-output>
        </test-method> <!-- createAccount -->
        <test-method signature="updateAccount()[pri:2, instance:testNG.AccountCreationTest@313ac989]" started-at="2026-09-03T11:15:16 IST" name="updateAccount" finished-at="2026-09-03T11:15:16 IST" duration-ms="5" status="PASS">
          <reporter-output>
            <line>
              <![CDATA[Updated]]>
            </line>
          </reporter-output>
        </test-method> <!-- updateAccount -->
        <test-method signature="deleteAccount()[pri:3, instance:testNG.AccountCreationTest@313ac989]" started-at="2026-09-03T11:15:16 IST" name="deleteAccount" finished-at="2026-09-03T11:15:16 IST" duration-ms="5" status="PASS">
          <reporter-output>
            <line>
              <![CDATA[Deleted]]>
            </line>
          </reporter-output>
        </test-method> <!-- deleteAccount -->
      </class> <!-- testNG.AccountCreationTest -->
    </test> <!-- Default test -->
  </suite> <!-- Default suite -->
</testng-results>
