<?xml version="1.0" encoding="UTF-8"?>
<!-- Generated by org.testng.reporters.JUnitXMLReporter -->
<testsuite ignored="0" hostname="DESKTOP-FRONQ0I" failures="0" tests="3" name="Default test" time="0.149" errors="0" timestamp="2026-09-03T11:15:16 IST">
  <testcase classname="testNG.AccountCreationTest" name="createAccount" time="0.024"/>
  <testcase classname="testNG.AccountCreationTest" name="updateAccount" time="0.005"/>
  <testcase classname="testNG.AccountCreationTest" name="deleteAccount" time="0.005"/>
</testsuite> <!-- Default test -->
