<?xml version="1.0" encoding="UTF-8"?>
<!-- Generated by org.testng.reporters.JUnitReportReporter -->
<testsuite hostname="DESKTOP-FRONQ0I" failures="0" tests="3" name="testNG.AccountCreationTest" time="0.034" errors="0" timestamp="2026-09-03T11:15:17 IST" skipped="0">
  <testcase classname="testNG.AccountCreationTest" name="createAccount" time="0.024">
    <system-out>
      <![CDATA[Created]]>
    </system-out>
  </testcase> <!-- createAccount -->
  <testcase classname="testNG.AccountCreationTest" name="updateAccount" time="0.005">
    <system-out>
      <![CDATA[Updated]]>
    </system-out>
  </testcase> <!-- updateAccount -->
  <testcase classname="testNG.AccountCreationTest" name="deleteAccount" time="0.005">
    <system-out>
      <![CDATA[Deleted]]>
    </system-out>
  </testcase> <!-- deleteAccount -->
  <system-out>
    <![CDATA[Created
Updated
Deleted]]>
  </system-out>
</testsuite> <!-- testNG.AccountCreationTest -->
